<?xml version="1.0" encoding="UTF-8"?>
<!-- Generated by org.testng.reporters.JUnitXMLReporter -->
<testsuite ignored="8" hostname="Nada" failures="0" tests="40" name="MyTestGroup" time="77.275" errors="0" timestamp="2025-10-08T16:18:21 WIB">
  <testcase classname="scanario.createbooking.PositiveCaseCreateBooking" name="create_booking_data_valid" time="2.006"/>
  <testcase classname="scanario.createbooking.PositiveCaseCreateBooking" name="create_booking_change_depositpaid" time="1.547"/>
  <testcase classname="scanario.createbooking.PositiveCaseCreateBooking" name="create_booking_additionalneed" time="1.749"/>
  <testcase classname="scanario.createbooking.NegativeCaseCreateBook" name="create_booking_firstname_null" time="1.606"/>
  <testcase classname="scanario.createbooking.NegativeCaseCreateBook" name="create_booking_checkinout" time="1.549"/>
  <testcase classname="scanario.createbooking.NegativeCaseCreateBook" name="create_booking_depositpadi_invalid" time="1.531"/>
  <testcase classname="scanario.deletebooking.PositiveCaseDeleteBooking" name="delete_booking" time="1.627"/>
  <testcase classname="scanario.deletebooking.PositiveCaseDeleteBooking" name="delete_booking_header_Valid" time="1.531"/>
  <testcase classname="scanario.deletebooking.PositiveCaseDeleteBooking" name="delete_booking_token_Valid" time="1.523"/>
  <testcase classname="scanario.deletebooking.NegativeCaseDeleteBooking" name="create_booking" time="1.582"/>
  <testcase classname="scanario.deletebooking.NegativeCaseDeleteBooking" name="delete_booking_header_null" time="1.432"/>
  <testcase classname="scanario.deletebooking.NegativeCaseDeleteBooking" name="delete_booking_invalid_id" time="1.68"/>
  <testcase classname="scanario.getbooking.PositiveCaseGetBooking" name="get_booking__header_lowestId" time="1.772"/>
  <testcase classname="scanario.getbooking.PositiveCaseGetBooking" name="get_booking__header_valid" time="1.504"/>
  <testcase classname="scanario.getbooking.PositiveCaseGetBooking" name="get_booking_valid" time="1.634"/>
  <testcase classname="scanario.getbooking.NegativeCaseGetBooking" name="get_booking__header_valid" time="1.546"/>
  <testcase classname="scanario.getbooking.NegativeCaseGetBooking" name="get_booking_id_invalid" time="1.625"/>
  <testcase classname="scanario.getbooking.NegativeCaseGetBooking" name="get_booking_valid" time="1.537"/>
  <testcase classname="scanario.getbookingids.PositiveCaseGetBookingIds" name="get_booking_ids" time="2.324"/>
  <testcase classname="scanario.getbookingids.PositiveCaseGetBookingIds" name="get_booking_ids_firsname" time="1.773"/>
  <testcase classname="scanario.getbookingids.PositiveCaseGetBookingIds" name="get_booking_ids_lastname" time="1.533"/>
  <testcase classname="scanario.getbookingids.NegativeCaseGetBookingIds" name="get_booking_ids_parameter_unknow" time="1.367"/>
  <testcase classname="scanario.getbookingids.NegativeCaseGetBookingIds" name="get_booking_ids_wrong_format" time="1.34"/>
  <testcase classname="scanario.getbookingids.NegativeCaseGetBookingIds" name="get_booking_ids_wrong_method" time="1.318"/>
  <testcase classname="scanario.integration.PositiveCaseIntegrationCase1" name="integration_test1" time="5.285"/>
  <testcase classname="scanario.integration.PositiveCaseIntegrationCase1" name="integration_test2" time="4.194"/>
  <testcase classname="scanario.partialupdatebooking.PositiveCasePartialUpdateBooking" name="create_booking" time="1.534"/>
  <testcase classname="scanario.partialupdatebooking.PositiveCasePartialUpdateBooking" name="partial_update_booking_firstlastname" time="1.528"/>
  <testcase classname="scanario.partialupdatebooking.PositiveCasePartialUpdateBooking" name="partial_update_booking_price_deposite" time="2.148"/>
  <testcase classname="scanario.partialupdatebooking.PositiveCasePartialUpdateBooking" name="partial_update_booking_price" time="1.739"/>
  <testcase classname="scanario.partialupdatebooking.NegativeCasePartialUpdateBooking" name="create_booking" time="1.634"/>
  <testcase classname="scanario.partialupdatebooking.NegativeCasePartialUpdateBooking" name="partial_update_booking_invalid_id" time="1.534"/>
  <testcase classname="scanario.partialupdatebooking.NegativeCasePartialUpdateBooking" name="partial_update_invalid_field" time="1.491"/>
  <testcase classname="scanario.updatebooking.PositiveCaseUpdateBooking" name="create_booking" time="1.781"/>
  <testcase classname="scanario.updatebooking.PositiveCaseUpdateBooking" name="update_booking_valid" time="1.739"/>
  <testcase classname="scanario.updatebooking.PositiveCaseUpdateBooking" name="update_booking_firstlastname" time="1.635"/>
  <testcase classname="scanario.updatebooking.PositiveCaseUpdateBooking" name="update_booking_checkinout" time="2.142"/>
  <testcase classname="scanario.updatebooking.NegativeCaseUpdateBooking" name="create_booking" time="1.539"/>
  <testcase classname="scanario.updatebooking.NegativeCaseUpdateBooking" name="update_booking_firstname_null" time="2.143"/>
  <testcase classname="scanario.updatebooking.NegativeCaseUpdateBooking" name="update_booking_invalid_id" time="1.64"/>
  <testcase classname="api.example.base.BaseTest" name="@BeforeSuite BeforeSuite" time="0.0">
    <ignored/>
  </testcase> <!-- @BeforeSuite BeforeSuite -->
  <testcase classname="api.example.base.BaseTest" name="@BeforeSuite BeforeSuite" time="0.0">
    <ignored/>
  </testcase> <!-- @BeforeSuite BeforeSuite -->
  <testcase classname="api.example.base.BaseTest" name="@BeforeSuite BeforeSuite" time="0.0">
    <ignored/>
  </testcase> <!-- @BeforeSuite BeforeSuite -->
  <testcase classname="api.example.base.BaseTest" name="@BeforeSuite BeforeSuite" time="0.0">
    <ignored/>
  </testcase> <!-- @BeforeSuite BeforeSuite -->
  <testcase classname="api.example.base.BaseTest" name="@BeforeSuite BeforeSuite" time="0.0">
    <ignored/>
  </testcase> <!-- @BeforeSuite BeforeSuite -->
  <testcase classname="api.example.base.BaseTest" name="@BeforeSuite BeforeSuite" time="0.0">
    <ignored/>
  </testcase> <!-- @BeforeSuite BeforeSuite -->
  <testcase classname="api.example.base.BaseTest" name="@BeforeSuite BeforeSuite" time="0.0">
    <ignored/>
  </testcase> <!-- @BeforeSuite BeforeSuite -->
  <testcase classname="api.example.base.BaseTest" name="@BeforeSuite BeforeSuite" time="0.0">
    <ignored/>
  </testcase> <!-- @BeforeSuite BeforeSuite -->
</testsuite> <!-- MyTestGroup -->
