<?xml version="1.0" encoding="UTF-8"?>
<testsuite xmlns:xsi="http://www.w3.org/2001/XMLSchema-instance" xsi:noNamespaceSchemaLocation="https://maven.apache.org/surefire/maven-surefire-plugin/xsd/surefire-test-report.xsd" name="TestSuite" time="82.757" tests="40" errors="0" skipped="0" failures="0">
  <properties>
[...]
</properties>
  <testcase name="create_booking_data_valid" classname="scanario.createbooking.PositiveCaseCreateBooking" time="2.014"/>
  <testcase name="create_booking_change_depositpaid" classname="scanario.createbooking.PositiveCaseCreateBooking" time="1.547"/>
  <testcase name="create_booking_additionalneed" classname="scanario.createbooking.PositiveCaseCreateBooking" time="1.752"/>
  <testcase name="create_booking_firstname_null" classname="scanario.createbooking.NegativeCaseCreateBook" time="1.607"/>
  <testcase name="create_booking_checkinout" classname="scanario.createbooking.NegativeCaseCreateBook" time="1.549"/>
  <testcase name="create_booking_depositpadi_invalid" classname="scanario.createbooking.NegativeCaseCreateBook" time="1.541"/>
  <testcase name="delete_booking" classname="scanario.deletebooking.PositiveCaseDeleteBooking" time="1.628"/>
  <testcase name="delete_booking_header_Valid" classname="scanario.deletebooking.PositiveCaseDeleteBooking" time="1.531"/>
  <testcase name="delete_booking_token_Valid" classname="scanario.deletebooking.PositiveCaseDeleteBooking" time="1.523"/>
  <testcase name="create_booking" classname="scanario.deletebooking.NegativeCaseDeleteBooking" time="1.576"/>
  <testcase name="delete_booking_header_null" classname="scanario.deletebooking.NegativeCaseDeleteBooking" time="1.433"/>
  <testcase name="delete_booking_invalid_id" classname="scanario.deletebooking.NegativeCaseDeleteBooking" time="1.681"/>
  <testcase name="get_booking__header_lowestId" classname="scanario.getbooking.PositiveCaseGetBooking" time="1.773"/>
  <testcase name="get_booking__header_valid" classname="scanario.getbooking.PositiveCaseGetBooking" time="1.505"/>
  <testcase name="get_booking_valid" classname="scanario.getbooking.PositiveCaseGetBooking" time="1.634"/>
  <testcase name="get_booking__header_valid" classname="scanario.getbooking.NegativeCaseGetBooking" time="1.547"/>
  <testcase name="get_booking_id_invalid" classname="scanario.getbooking.NegativeCaseGetBooking" time="1.625"/>
  <testcase name="get_booking_valid" classname="scanario.getbooking.NegativeCaseGetBooking" time="1.536"/>
  <testcase name="get_booking_ids" classname="scanario.getbookingids.PositiveCaseGetBookingIds" time="2.339"/>
  <testcase name="get_booking_ids_firsname" classname="scanario.getbookingids.PositiveCaseGetBookingIds" time="1.773"/>
  <testcase name="get_booking_ids_lastname" classname="scanario.getbookingids.PositiveCaseGetBookingIds" time="1.526"/>
  <testcase name="get_booking_ids_parameter_unknow" classname="scanario.getbookingids.NegativeCaseGetBookingIds" time="1.366"/>
  <testcase name="get_booking_ids_wrong_format" classname="scanario.getbookingids.NegativeCaseGetBookingIds" time="1.339"/>
  <testcase name="get_booking_ids_wrong_method" classname="scanario.getbookingids.NegativeCaseGetBookingIds" time="1.322"/>
  <testcase name="integration_test1" classname="scanario.integration.PositiveCaseIntegrationCase1" time="5.285"/>
  <testcase name="integration_test2" classname="scanario.integration.PositiveCaseIntegrationCase1" time="4.194"/>
  <testcase name="create_booking" classname="scanario.partialupdatebooking.PositiveCasePartialUpdateBooking" time="1.534"/>
  <testcase name="partial_update_booking_firstlastname" classname="scanario.partialupdatebooking.PositiveCasePartialUpdateBooking" time="1.529"/>
  <testcase name="partial_update_booking_price_deposite" classname="scanario.partialupdatebooking.PositiveCasePartialUpdateBooking" time="2.148"/>
  <testcase name="partial_update_booking_price" classname="scanario.partialupdatebooking.PositiveCasePartialUpdateBooking" time="1.74"/>
  <testcase name="create_booking" classname="scanario.partialupdatebooking.NegativeCasePartialUpdateBooking" time="1.632"/>
  <testcase name="partial_update_booking_invalid_id" classname="scanario.partialupdatebooking.NegativeCasePartialUpdateBooking" time="1.535"/>
  <testcase name="partial_update_invalid_field" classname="scanario.partialupdatebooking.NegativeCasePartialUpdateBooking" time="1.492"/>
  <testcase name="create_booking" classname="scanario.updatebooking.PositiveCaseUpdateBooking" time="1.781"/>
  <testcase name="update_booking_valid" classname="scanario.updatebooking.PositiveCaseUpdateBooking" time="1.739"/>
  <testcase name="update_booking_firstlastname" classname="scanario.updatebooking.PositiveCaseUpdateBooking" time="1.637"/>
  <testcase name="update_booking_checkinout" classname="scanario.updatebooking.PositiveCaseUpdateBooking" time="2.141"/>
  <testcase name="create_booking" classname="scanario.updatebooking.NegativeCaseUpdateBooking" time="1.539"/>
  <testcase name="update_booking_firstname_null" classname="scanario.updatebooking.NegativeCaseUpdateBooking" time="2.144"/>
  <testcase name="update_booking_invalid_id" classname="scanario.updatebooking.NegativeCaseUpdateBooking" time="1.641"/>
</testsuite>